<?xml version="1.0" encoding="UTF-8"?>
<testsuite xmlns:xsi="http://www.w3.org/2001/XMLSchema-instance" xsi:noNamespaceSchemaLocation="https://maven.apache.org/surefire/maven-surefire-plugin/xsd/surefire-test-report.xsd" name="Tests.PCMBuyDetailPageTest" time="60.222" tests="3" errors="0" skipped="2" failures="1">
  <properties>
    <property name="java.specification.version" value="18"/>
    <property name="sun.cpu.isalist" value="amd64"/>
    <property name="sun.jnu.encoding" value="Cp1252"/>
    <property name="java.class.path" value="D:\SPQ\SpqApp\target\test-classes;D:\SPQ\SpqApp\target\classes;C:\Users\dell03022022\.m2\repository\io\appium\java-client\8.5.0\java-client-8.5.0.jar;C:\Users\dell03022022\.m2\repository\org\seleniumhq\selenium\selenium-api\4.10.0\selenium-api-4.10.0.jar;C:\Users\dell03022022\.m2\repository\org\seleniumhq\selenium\selenium-remote-driver\4.10.0\selenium-remote-driver-4.10.0.jar;C:\Users\dell03022022\.m2\repository\com\google\auto\service\auto-service-annotations\1.0.1\auto-service-annotations-1.0.1.jar;C:\Users\dell03022022\.m2\repository\com\google\auto\service\auto-service\1.0.1\auto-service-1.0.1.jar;C:\Users\dell03022022\.m2\repository\com\google\auto\auto-common\1.2\auto-common-1.2.jar;C:\Users\dell03022022\.m2\repository\io\netty\netty-buffer\4.1.92.Final\netty-buffer-4.1.92.Final.jar;C:\Users\dell03022022\.m2\repository\io\netty\netty-codec-http\4.1.92.Final\netty-codec-http-4.1.92.Final.jar;C:\Users\dell03022022\.m2\repository\io\netty\netty-codec\4.1.92.Final\netty-codec-4.1.92.Final.jar;C:\Users\dell03022022\.m2\repository\io\netty\netty-handler\4.1.92.Final\netty-handler-4.1.92.Final.jar;C:\Users\dell03022022\.m2\repository\io\netty\netty-common\4.1.92.Final\netty-common-4.1.92.Final.jar;C:\Users\dell03022022\.m2\repository\io\netty\netty-transport-classes-epoll\4.1.92.Final\netty-transport-classes-epoll-4.1.92.Final.jar;C:\Users\dell03022022\.m2\repository\io\netty\netty-transport-classes-kqueue\4.1.92.Final\netty-transport-classes-kqueue-4.1.92.Final.jar;C:\Users\dell03022022\.m2\repository\io\netty\netty-transport-native-epoll\4.1.92.Final\netty-transport-native-epoll-4.1.92.Final.jar;C:\Users\dell03022022\.m2\repository\io\netty\netty-transport-native-kqueue\4.1.92.Final\netty-transport-native-kqueue-4.1.92.Final.jar;C:\Users\dell03022022\.m2\repository\io\netty\netty-transport-native-unix-common\4.1.92.Final\netty-transport-native-unix-common-4.1.92.Final.jar;C:\Users\dell03022022\.m2\repository\io\netty\netty-transport\4.1.92.Final\netty-transport-4.1.92.Final.jar;C:\Users\dell03022022\.m2\repository\io\netty\netty-resolver\4.1.92.Final\netty-resolver-4.1.92.Final.jar;C:\Users\dell03022022\.m2\repository\io\opentelemetry\opentelemetry-api\1.26.0\opentelemetry-api-1.26.0.jar;C:\Users\dell03022022\.m2\repository\io\opentelemetry\opentelemetry-context\1.26.0\opentelemetry-context-1.26.0.jar;C:\Users\dell03022022\.m2\repository\io\opentelemetry\opentelemetry-exporter-logging\1.26.0\opentelemetry-exporter-logging-1.26.0.jar;C:\Users\dell03022022\.m2\repository\io\opentelemetry\opentelemetry-sdk-metrics\1.26.0\opentelemetry-sdk-metrics-1.26.0.jar;C:\Users\dell03022022\.m2\repository\io\opentelemetry\opentelemetry-extension-incubator\1.26.0-alpha\opentelemetry-extension-incubator-1.26.0-alpha.jar;C:\Users\dell03022022\.m2\repository\io\opentelemetry\opentelemetry-sdk-logs\1.26.0-alpha\opentelemetry-sdk-logs-1.26.0-alpha.jar;C:\Users\dell03022022\.m2\repository\io\opentelemetry\opentelemetry-api-logs\1.26.0-alpha\opentelemetry-api-logs-1.26.0-alpha.jar;C:\Users\dell03022022\.m2\repository\io\opentelemetry\opentelemetry-api-events\1.26.0-alpha\opentelemetry-api-events-1.26.0-alpha.jar;C:\Users\dell03022022\.m2\repository\io\opentelemetry\opentelemetry-sdk-common\1.26.0\opentelemetry-sdk-common-1.26.0.jar;C:\Users\dell03022022\.m2\repository\io\opentelemetry\opentelemetry-sdk-extension-autoconfigure-spi\1.26.0\opentelemetry-sdk-extension-autoconfigure-spi-1.26.0.jar;C:\Users\dell03022022\.m2\repository\io\opentelemetry\opentelemetry-sdk-extension-autoconfigure\1.26.0-alpha\opentelemetry-sdk-extension-autoconfigure-1.26.0-alpha.jar;C:\Users\dell03022022\.m2\repository\io\opentelemetry\opentelemetry-sdk-trace\1.26.0\opentelemetry-sdk-trace-1.26.0.jar;C:\Users\dell03022022\.m2\repository\io\opentelemetry\opentelemetry-sdk\1.26.0\opentelemetry-sdk-1.26.0.jar;C:\Users\dell03022022\.m2\repository\io\opentelemetry\opentelemetry-semconv\1.26.0-alpha\opentelemetry-semconv-1.26.0-alpha.jar;C:\Users\dell03022022\.m2\repository\net\bytebuddy\byte-buddy\1.14.4\byte-buddy-1.14.4.jar;C:\Users\dell03022022\.m2\repository\org\apache\commons\commons-exec\1.3\commons-exec-1.3.jar;C:\Users\dell03022022\.m2\repository\org\asynchttpclient\async-http-client\2.12.3\async-http-client-2.12.3.jar;C:\Users\dell03022022\.m2\repository\org\asynchttpclient\async-http-client-netty-utils\2.12.3\async-http-client-netty-utils-2.12.3.jar;C:\Users\dell03022022\.m2\repository\io\netty\netty-codec-socks\4.1.60.Final\netty-codec-socks-4.1.60.Final.jar;C:\Users\dell03022022\.m2\repository\io\netty\netty-handler-proxy\4.1.60.Final\netty-handler-proxy-4.1.60.Final.jar;C:\Users\dell03022022\.m2\repository\io\netty\netty-transport-native-epoll\4.1.60.Final\netty-transport-native-epoll-4.1.60.Final-linux-x86_64.jar;C:\Users\dell03022022\.m2\repository\io\netty\netty-transport-native-kqueue\4.1.60.Final\netty-transport-native-kqueue-4.1.60.Final-osx-x86_64.jar;C:\Users\dell03022022\.m2\repository\org\reactivestreams\reactive-streams\1.0.3\reactive-streams-1.0.3.jar;C:\Users\dell03022022\.m2\repository\com\typesafe\netty\netty-reactive-streams\2.0.4\netty-reactive-streams-2.0.4.jar;C:\Users\dell03022022\.m2\repository\com\sun\activation\jakarta.activation\1.2.2\jakarta.activation-1.2.2.jar;C:\Users\dell03022022\.m2\repository\org\seleniumhq\selenium\selenium-http\4.10.0\selenium-http-4.10.0.jar;C:\Users\dell03022022\.m2\repository\dev\failsafe\failsafe\3.3.1\failsafe-3.3.1.jar;C:\Users\dell03022022\.m2\repository\org\seleniumhq\selenium\selenium-json\4.10.0\selenium-json-4.10.0.jar;C:\Users\dell03022022\.m2\repository\org\seleniumhq\selenium\selenium-manager\4.10.0\selenium-manager-4.10.0.jar;C:\Users\dell03022022\.m2\repository\org\seleniumhq\selenium\selenium-support\4.10.0\selenium-support-4.10.0.jar;C:\Users\dell03022022\.m2\repository\com\google\code\gson\gson\2.10.1\gson-2.10.1.jar;C:\Users\dell03022022\.m2\repository\cglib\cglib\3.3.0\cglib-3.3.0.jar;C:\Users\dell03022022\.m2\repository\org\ow2\asm\asm\7.1\asm-7.1.jar;C:\Users\dell03022022\.m2\repository\commons-validator\commons-validator\1.7\commons-validator-1.7.jar;C:\Users\dell03022022\.m2\repository\commons-beanutils\commons-beanutils\1.9.4\commons-beanutils-1.9.4.jar;C:\Users\dell03022022\.m2\repository\commons-digester\commons-digester\2.1\commons-digester-2.1.jar;C:\Users\dell03022022\.m2\repository\commons-logging\commons-logging\1.2\commons-logging-1.2.jar;C:\Users\dell03022022\.m2\repository\commons-collections\commons-collections\3.2.2\commons-collections-3.2.2.jar;C:\Users\dell03022022\.m2\repository\org\apache\commons\commons-lang3\3.12.0\commons-lang3-3.12.0.jar;C:\Users\dell03022022\.m2\repository\org\slf4j\slf4j-api\2.0.7\slf4j-api-2.0.7.jar;C:\Users\dell03022022\.m2\repository\org\testng\testng\7.4.0\testng-7.4.0.jar;C:\Users\dell03022022\.m2\repository\com\beust\jcommander\1.78\jcommander-1.78.jar;C:\Users\dell03022022\.m2\repository\org\webjars\jquery\3.5.1\jquery-3.5.1.jar;C:\Users\dell03022022\.m2\repository\io\github\bonigarcia\webdrivermanager\5.0.3\webdrivermanager-5.0.3.jar;C:\Users\dell03022022\.m2\repository\org\jsoup\jsoup\1.14.2\jsoup-1.14.2.jar;C:\Users\dell03022022\.m2\repository\com\github\docker-java\docker-java\3.2.12\docker-java-3.2.12.jar;C:\Users\dell03022022\.m2\repository\com\github\docker-java\docker-java-core\3.2.12\docker-java-core-3.2.12.jar;C:\Users\dell03022022\.m2\repository\com\github\docker-java\docker-java-api\3.2.12\docker-java-api-3.2.12.jar;C:\Users\dell03022022\.m2\repository\commons-lang\commons-lang\2.6\commons-lang-2.6.jar;C:\Users\dell03022022\.m2\repository\org\slf4j\jcl-over-slf4j\1.7.30\jcl-over-slf4j-1.7.30.jar;C:\Users\dell03022022\.m2\repository\com\github\docker-java\docker-java-transport-httpclient5\3.2.12\docker-java-transport-httpclient5-3.2.12.jar;C:\Users\dell03022022\.m2\repository\com\github\docker-java\docker-java-transport\3.2.12\docker-java-transport-3.2.12.jar;C:\Users\dell03022022\.m2\repository\org\apache\httpcomponents\client5\httpclient5\5.0.3\httpclient5-5.0.3.jar;C:\Users\dell03022022\.m2\repository\org\apache\httpcomponents\core5\httpcore5\5.0.2\httpcore5-5.0.2.jar;C:\Users\dell03022022\.m2\repository\net\java\dev\jna\jna\5.8.0\jna-5.8.0.jar;C:\Users\dell03022022\.m2\repository\com\google\guava\guava\30.1.1-jre\guava-30.1.1-jre.jar;C:\Users\dell03022022\.m2\repository\com\google\guava\failureaccess\1.0.1\failureaccess-1.0.1.jar;C:\Users\dell03022022\.m2\repository\com\google\guava\listenablefuture\9999.0-empty-to-avoid-conflict-with-guava\listenablefuture-9999.0-empty-to-avoid-conflict-with-guava.jar;C:\Users\dell03022022\.m2\repository\com\google\code\findbugs\jsr305\3.0.2\jsr305-3.0.2.jar;C:\Users\dell03022022\.m2\repository\com\google\errorprone\error_prone_annotations\2.5.1\error_prone_annotations-2.5.1.jar;C:\Users\dell03022022\.m2\repository\com\google\j2objc\j2objc-annotations\1.3\j2objc-annotations-1.3.jar;C:\Users\dell03022022\.m2\repository\org\brotli\dec\0.1.2\dec-0.1.2.jar;C:\Users\dell03022022\.m2\repository\com\aventstack\extentreports\4.1.3\extentreports-4.1.3.jar;C:\Users\dell03022022\.m2\repository\org\freemarker\freemarker\2.3.29\freemarker-2.3.29.jar;C:\Users\dell03022022\.m2\repository\org\apache\httpcomponents\httpclient\4.5.2\httpclient-4.5.2.jar;C:\Users\dell03022022\.m2\repository\org\apache\httpcomponents\httpcore\4.4.4\httpcore-4.4.4.jar;C:\Users\dell03022022\.m2\repository\org\apache\httpcomponents\httpmime\4.5.2\httpmime-4.5.2.jar;C:\Users\dell03022022\.m2\repository\org\mongodb\mongodb-driver\3.12.0\mongodb-driver-3.12.0.jar;C:\Users\dell03022022\.m2\repository\org\mongodb\mongodb-driver-core\3.12.0\mongodb-driver-core-3.12.0.jar;C:\Users\dell03022022\.m2\repository\org\mongodb\bson\3.12.0\bson-3.12.0.jar;C:\Users\dell03022022\.m2\repository\com\fasterxml\jackson\core\jackson-databind\2.13.3\jackson-databind-2.13.3.jar;C:\Users\dell03022022\.m2\repository\com\fasterxml\jackson\core\jackson-annotations\2.13.3\jackson-annotations-2.13.3.jar;C:\Users\dell03022022\.m2\repository\com\fasterxml\jackson\core\jackson-core\2.13.3\jackson-core-2.13.3.jar;C:\Users\dell03022022\.m2\repository\commons-io\commons-io\2.11.0\commons-io-2.11.0.jar;C:\Users\dell03022022\.m2\repository\com\relevantcodes\extentreports\2.41.2\extentreports-2.41.2.jar;C:\Users\dell03022022\.m2\repository\org\xerial\sqlite-jdbc\3.8.11.1\sqlite-jdbc-3.8.11.1.jar;C:\Users\dell03022022\.m2\repository\org\apache\poi\poi\5.1.0\poi-5.1.0.jar;C:\Users\dell03022022\.m2\repository\commons-codec\commons-codec\1.15\commons-codec-1.15.jar;C:\Users\dell03022022\.m2\repository\org\apache\commons\commons-collections4\4.4\commons-collections4-4.4.jar;C:\Users\dell03022022\.m2\repository\org\apache\commons\commons-math3\3.6.1\commons-math3-3.6.1.jar;C:\Users\dell03022022\.m2\repository\com\zaxxer\SparseBitSet\1.2\SparseBitSet-1.2.jar;C:\Users\dell03022022\.m2\repository\org\apache\logging\log4j\log4j-api\2.14.1\log4j-api-2.14.1.jar;C:\Users\dell03022022\.m2\repository\org\apache\poi\openxml4j\1.0-beta\openxml4j-1.0-beta.jar;C:\Users\dell03022022\.m2\repository\dom4j\dom4j\1.6.1\dom4j-1.6.1.jar;C:\Users\dell03022022\.m2\repository\xml-apis\xml-apis\1.0.b2\xml-apis-1.0.b2.jar;C:\Users\dell03022022\.m2\repository\log4j\log4j\1.2.8\log4j-1.2.8.jar;C:\Users\dell03022022\.m2\repository\org\postgresql\postgresql\42.6.0\postgresql-42.6.0.jar;C:\Users\dell03022022\.m2\repository\org\checkerframework\checker-qual\3.31.0\checker-qual-3.31.0.jar;C:\Users\dell03022022\.m2\repository\io\rest-assured\rest-assured-all\5.3.0\rest-assured-all-5.3.0.jar;C:\Users\dell03022022\.m2\repository\org\apache\groovy\groovy\4.0.6\groovy-4.0.6.jar;C:\Users\dell03022022\.m2\repository\org\apache\groovy\groovy-xml\4.0.6\groovy-xml-4.0.6.jar;C:\Users\dell03022022\.m2\repository\org\ccil\cowan\tagsoup\tagsoup\1.2.1\tagsoup-1.2.1.jar;C:\Users\dell03022022\.m2\repository\org\apache\groovy\groovy-json\4.0.6\groovy-json-4.0.6.jar;C:\Users\dell03022022\.m2\repository\io\rest-assured\rest-assured\5.3.0\rest-assured-5.3.0.jar;C:\Users\dell03022022\.m2\repository\org\hamcrest\hamcrest\2.1\hamcrest-2.1.jar;C:\Users\dell03022022\.m2\repository\io\rest-assured\json-schema-validator\4.4.0\json-schema-validator-4.4.0.jar;C:\Users\dell03022022\.m2\repository\com\github\java-json-tools\json-schema-validator\2.2.14\json-schema-validator-2.2.14.jar;C:\Users\dell03022022\.m2\repository\com\github\java-json-tools\jackson-coreutils-equivalence\1.0\jackson-coreutils-equivalence-1.0.jar;C:\Users\dell03022022\.m2\repository\com\github\java-json-tools\jackson-coreutils\2.0\jackson-coreutils-2.0.jar;C:\Users\dell03022022\.m2\repository\com\github\java-json-tools\msg-simple\1.2\msg-simple-1.2.jar;C:\Users\dell03022022\.m2\repository\com\github\java-json-tools\btf\1.3\btf-1.3.jar;C:\Users\dell03022022\.m2\repository\com\github\java-json-tools\json-schema-core\1.2.14\json-schema-core-1.2.14.jar;C:\Users\dell03022022\.m2\repository\com\github\java-json-tools\uri-template\0.10\uri-template-0.10.jar;C:\Users\dell03022022\.m2\repository\org\mozilla\rhino\1.7.7.2\rhino-1.7.7.2.jar;C:\Users\dell03022022\.m2\repository\com\sun\mail\mailapi\1.6.2\mailapi-1.6.2.jar;C:\Users\dell03022022\.m2\repository\joda-time\joda-time\2.10.5\joda-time-2.10.5.jar;C:\Users\dell03022022\.m2\repository\com\googlecode\libphonenumber\libphonenumber\8.11.1\libphonenumber-8.11.1.jar;C:\Users\dell03022022\.m2\repository\net\sf\jopt-simple\jopt-simple\5.0.4\jopt-simple-5.0.4.jar;C:\Users\dell03022022\.m2\repository\com\googlecode\json-simple\json-simple\1.1.1\json-simple-1.1.1.jar;C:\Users\dell03022022\.m2\repository\junit\junit\4.10\junit-4.10.jar;C:\Users\dell03022022\.m2\repository\org\seleniumhq\selenium\selenium-java\4.0.0\selenium-java-4.0.0.jar;C:\Users\dell03022022\.m2\repository\org\seleniumhq\selenium\selenium-chrome-driver\4.0.0\selenium-chrome-driver-4.0.0.jar;C:\Users\dell03022022\.m2\repository\org\seleniumhq\selenium\selenium-chromium-driver\4.0.0\selenium-chromium-driver-4.0.0.jar;C:\Users\dell03022022\.m2\repository\org\seleniumhq\selenium\selenium-devtools-v85\4.0.0\selenium-devtools-v85-4.0.0.jar;C:\Users\dell03022022\.m2\repository\org\seleniumhq\selenium\selenium-devtools-v93\4.0.0\selenium-devtools-v93-4.0.0.jar;C:\Users\dell03022022\.m2\repository\org\seleniumhq\selenium\selenium-devtools-v94\4.0.0\selenium-devtools-v94-4.0.0.jar;C:\Users\dell03022022\.m2\repository\org\seleniumhq\selenium\selenium-devtools-v95\4.0.0\selenium-devtools-v95-4.0.0.jar;C:\Users\dell03022022\.m2\repository\org\seleniumhq\selenium\selenium-edge-driver\4.0.0\selenium-edge-driver-4.0.0.jar;C:\Users\dell03022022\.m2\repository\org\seleniumhq\selenium\selenium-firefox-driver\4.0.0\selenium-firefox-driver-4.0.0.jar;C:\Users\dell03022022\.m2\repository\org\seleniumhq\selenium\selenium-firefox-xpi-driver\4.0.0\selenium-firefox-xpi-driver-4.0.0.jar;C:\Users\dell03022022\.m2\repository\org\seleniumhq\selenium\selenium-ie-driver\4.0.0\selenium-ie-driver-4.0.0.jar;C:\Users\dell03022022\.m2\repository\org\seleniumhq\selenium\selenium-opera-driver\4.0.0\selenium-opera-driver-4.0.0.jar;C:\Users\dell03022022\.m2\repository\org\seleniumhq\selenium\selenium-safari-driver\4.0.0\selenium-safari-driver-4.0.0.jar;C:\Users\dell03022022\.m2\repository\io\rest-assured\json-path\4.4.0\json-path-4.4.0.jar;C:\Users\dell03022022\.m2\repository\org\codehaus\groovy\groovy-json\3.0.8\groovy-json-3.0.8.jar;C:\Users\dell03022022\.m2\repository\org\codehaus\groovy\groovy\3.0.8\groovy-3.0.8.jar;C:\Users\dell03022022\.m2\repository\io\rest-assured\xml-path\4.4.0\xml-path-4.4.0.jar;C:\Users\dell03022022\.m2\repository\org\codehaus\groovy\groovy-xml\3.0.8\groovy-xml-3.0.8.jar;C:\Users\dell03022022\.m2\repository\jakarta\xml\bind\jakarta.xml.bind-api\2.3.3\jakarta.xml.bind-api-2.3.3.jar;C:\Users\dell03022022\.m2\repository\jakarta\activation\jakarta.activation-api\1.2.2\jakarta.activation-api-1.2.2.jar;C:\Users\dell03022022\.m2\repository\com\sun\xml\bind\jaxb-impl\2.3.3\jaxb-impl-2.3.3.jar;C:\Users\dell03022022\.m2\repository\io\rest-assured\rest-assured-common\3.0.0\rest-assured-common-3.0.0.jar;C:\Users\dell03022022\.m2\repository\org\hamcrest\hamcrest-all\1.3\hamcrest-all-1.3.jar;C:\Users\dell03022022\.m2\repository\org\hamcrest\java-hamcrest\2.0.0.0\java-hamcrest-2.0.0.0.jar;C:\Users\dell03022022\.m2\repository\org\hamcrest\hamcrest-core\2.2\hamcrest-core-2.2.jar;C:\Users\dell03022022\.m2\repository\org\hamcrest\hamcrest-library\2.2\hamcrest-library-2.2.jar;C:\Users\dell03022022\.m2\repository\org\apache\poi\poi-ooxml\5.1.0\poi-ooxml-5.1.0.jar;C:\Users\dell03022022\.m2\repository\org\apache\poi\poi-ooxml-lite\5.1.0\poi-ooxml-lite-5.1.0.jar;C:\Users\dell03022022\.m2\repository\org\apache\commons\commons-compress\1.21\commons-compress-1.21.jar;C:\Users\dell03022022\.m2\repository\com\github\virtuald\curvesapi\1.06\curvesapi-1.06.jar;C:\Users\dell03022022\.m2\repository\org\apache\poi\poi-ooxml-schemas\4.1.2\poi-ooxml-schemas-4.1.2.jar;C:\Users\dell03022022\.m2\repository\org\apache\poi\poi-scratchpad\5.1.0\poi-scratchpad-5.1.0.jar;C:\Users\dell03022022\.m2\repository\org\apache\poi\ooxml-schemas\1.4\ooxml-schemas-1.4.jar;C:\Users\dell03022022\.m2\repository\org\apache\xmlbeans\xmlbeans\5.0.2\xmlbeans-5.0.2.jar;C:\Users\dell03022022\.m2\repository\org\apache\maven\plugins\maven-surefire-plugin\3.0.0-M5\maven-surefire-plugin-3.0.0-M5.jar;C:\Users\dell03022022\.m2\repository\org\apache\maven\surefire\maven-surefire-common\3.0.0-M5\maven-surefire-common-3.0.0-M5.jar;C:\Users\dell03022022\.m2\repository\org\apache\maven\surefire\surefire-api\3.0.0-M5\surefire-api-3.0.0-M5.jar;C:\Users\dell03022022\.m2\repository\org\apache\maven\surefire\surefire-logger-api\3.0.0-M5\surefire-logger-api-3.0.0-M5.jar;C:\Users\dell03022022\.m2\repository\org\apache\maven\surefire\surefire-extensions-api\3.0.0-M5\surefire-extensions-api-3.0.0-M5.jar;C:\Users\dell03022022\.m2\repository\org\apache\maven\surefire\surefire-booter\3.0.0-M5\surefire-booter-3.0.0-M5.jar;C:\Users\dell03022022\.m2\repository\org\apache\maven\surefire\surefire-extensions-spi\3.0.0-M5\surefire-extensions-spi-3.0.0-M5.jar;C:\Users\dell03022022\.m2\repository\org\apache\maven\maven-toolchain\3.0-alpha-2\maven-toolchain-3.0-alpha-2.jar;C:\Users\dell03022022\.m2\repository\org\apache\maven\shared\maven-artifact-transfer\0.11.0\maven-artifact-transfer-0.11.0.jar;C:\Users\dell03022022\.m2\repository\org\apache\maven\shared\maven-common-artifact-filters\3.0.1\maven-common-artifact-filters-3.0.1.jar;C:\Users\dell03022022\.m2\repository\org\apache\maven\maven-model\3.0\maven-model-3.0.jar;C:\Users\dell03022022\.m2\repository\org\apache\maven\maven-plugin-api\3.0\maven-plugin-api-3.0.jar;C:\Users\dell03022022\.m2\repository\org\sonatype\sisu\sisu-inject-plexus\1.4.2\sisu-inject-plexus-1.4.2.jar;C:\Users\dell03022022\.m2\repository\org\codehaus\plexus\plexus-classworlds\2.2.3\plexus-classworlds-2.2.3.jar;C:\Users\dell03022022\.m2\repository\org\sonatype\sisu\sisu-inject-bean\1.4.2\sisu-inject-bean-1.4.2.jar;C:\Users\dell03022022\.m2\repository\org\sonatype\sisu\sisu-guice\2.1.7\sisu-guice-2.1.7-noaop.jar;C:\Users\dell03022022\.m2\repository\org\apache\maven\shared\maven-shared-utils\3.1.0\maven-shared-utils-3.1.0.jar;C:\Users\dell03022022\.m2\repository\org\codehaus\plexus\plexus-java\1.0.5\plexus-java-1.0.5.jar;C:\Users\dell03022022\.m2\repository\com\thoughtworks\qdox\qdox\2.0-M9\qdox-2.0-M9.jar;C:\Users\dell03022022\.m2\repository\org\apache\maven\surefire\surefire-shared-utils\3.0.0-M4\surefire-shared-utils-3.0.0-M4.jar;C:\Users\dell03022022\.m2\repository\org\seleniumhq\selenium\selenium-server\4.0.0-alpha-2\selenium-server-4.0.0-alpha-2.jar;C:\Users\dell03022022\.m2\repository\org\seleniumhq\selenium\grid\4.0.0-alpha-2\grid-4.0.0-alpha-2.jar;C:\Users\dell03022022\.m2\repository\org\seleniumhq\selenium\selenium-edgehtml-driver\4.0.0-alpha-2\selenium-edgehtml-driver-4.0.0-alpha-2.jar;C:\Users\dell03022022\.m2\repository\org\seleniumhq\selenium\jetty-repacked\9.4.12.v20180830.1\jetty-repacked-9.4.12.v20180830.1.jar;C:\Users\dell03022022\.m2\repository\javax\servlet\javax.servlet-api\3.1.0\javax.servlet-api-3.1.0.jar;C:\Users\dell03022022\.m2\repository\org\zeromq\jeromq\0.5.1\jeromq-0.5.1.jar;C:\Users\dell03022022\.m2\repository\eu\neilalexander\jnacl\1.0.0\jnacl-1.0.0.jar;C:\Users\dell03022022\.m2\repository\net\jcip\jcip-annotations\1.0\jcip-annotations-1.0.jar;C:\Users\dell03022022\.m2\repository\org\yaml\snakeyaml\1.24\snakeyaml-1.24.jar;C:\Users\dell03022022\.m2\repository\org\apache\logging\log4j\log4j-core\2.14.1\log4j-core-2.14.1.jar;C:\Users\dell03022022\.m2\repository\org\apache\poi\ooxml-security\1.1\ooxml-security-1.1.jar;C:\Users\dell03022022\.m2\repository\com\browserstack\browserstack-java-sdk\1.9.1\browserstack-java-sdk-1.9.1.jar;C:\Users\dell03022022\.m2\repository\org\javassist\javassist\3.26.0-GA\javassist-3.26.0-GA.jar;C:\Users\dell03022022\.m2\repository\com\browserstack\browserstack-local-java\1.0.9\browserstack-local-java-1.0.9.jar;C:\Users\dell03022022\.m2\repository\org\json\json\20230227\json-20230227.jar;C:\Users\dell03022022\.m2\repository\org\apache\maven\maven-artifact\3.8.6\maven-artifact-3.8.6.jar;C:\Users\dell03022022\.m2\repository\org\codehaus\plexus\plexus-utils\3.3.1\plexus-utils-3.3.1.jar;C:\Users\dell03022022\.m2\repository\com\squareup\okhttp3\okhttp\3.14.9\okhttp-3.14.9.jar;C:\Users\dell03022022\.m2\repository\com\squareup\okio\okio\1.17.2\okio-1.17.2.jar;C:\Users\dell03022022\.m2\repository\org\eclipse\jgit\org.eclipse.jgit\5.4.2.201908231537-r\org.eclipse.jgit-5.4.2.201908231537-r.jar;C:\Users\dell03022022\.m2\repository\com\jcraft\jsch\0.1.55\jsch-0.1.55.jar;C:\Users\dell03022022\.m2\repository\com\jcraft\jzlib\1.1.1\jzlib-1.1.1.jar;C:\Users\dell03022022\.m2\repository\com\googlecode\javaewah\JavaEWAH\1.1.6\JavaEWAH-1.1.6.jar;C:\Users\dell03022022\.m2\repository\org\bouncycastle\bcpg-jdk15on\1.61\bcpg-jdk15on-1.61.jar;C:\Users\dell03022022\.m2\repository\org\bouncycastle\bcprov-jdk15on\1.61\bcprov-jdk15on-1.61.jar;C:\Users\dell03022022\.m2\repository\org\bouncycastle\bcpkix-jdk15on\1.61\bcpkix-jdk15on-1.61.jar;"/>
    <property name="java.vm.vendor" value="Oracle Corporation"/>
    <property name="cucumber.execution.parallel.config.fixed.parallelism" value="1"/>
    <property name="sun.arch.data.model" value="64"/>
    <property name="OBSERVABILITY_BUILD_HASHED_ID" value="zz6tfjyjqfvrt7ewakn7gwfxx8ioe5bj8nb1fhwf"/>
    <property name="user.variant" value=""/>
    <property name="java.vendor.url" value="https://java.oracle.com/"/>
    <property name="user.timezone" value="Asia/Calcutta"/>
    <property name="cucumber.execution.parallel.enabled" value="true"/>
    <property name="os.name" value="Windows 10"/>
    <property name="java.vm.specification.version" value="18"/>
    <property name="junit.jupiter.execution.parallel.config.fixed.max-pool-size" value="1"/>
    <property name="sun.java.launcher" value="SUN_STANDARD"/>
    <property name="user.country" value="IN"/>
    <property name="sun.boot.library.path" value="C:\Program Files\Java\jdk-18.0.1.1\bin"/>
    <property name="OBSERVABILITY_ALLOW_SCREENSHOTS" value="true"/>
    <property name="sun.java.command" value="C:\Users\DELL03~1\AppData\Local\Temp\surefire17513789523631890622\surefirebooter16429059950696151810.jar C:\Users\dell03022022\AppData\Local\Temp\surefire17513789523631890622 2023-07-31T09-14-24_701-jvmRun1 surefire8694972337741177357tmp surefire_02314962731272049952tmp"/>
    <property name="jdk.debug" value="release"/>
    <property name="surefire.test.class.path" value="D:\SPQ\SpqApp\target\test-classes;D:\SPQ\SpqApp\target\classes;C:\Users\dell03022022\.m2\repository\io\appium\java-client\8.5.0\java-client-8.5.0.jar;C:\Users\dell03022022\.m2\repository\org\seleniumhq\selenium\selenium-api\4.10.0\selenium-api-4.10.0.jar;C:\Users\dell03022022\.m2\repository\org\seleniumhq\selenium\selenium-remote-driver\4.10.0\selenium-remote-driver-4.10.0.jar;C:\Users\dell03022022\.m2\repository\com\google\auto\service\auto-service-annotations\1.0.1\auto-service-annotations-1.0.1.jar;C:\Users\dell03022022\.m2\repository\com\google\auto\service\auto-service\1.0.1\auto-service-1.0.1.jar;C:\Users\dell03022022\.m2\repository\com\google\auto\auto-common\1.2\auto-common-1.2.jar;C:\Users\dell03022022\.m2\repository\io\netty\netty-buffer\4.1.92.Final\netty-buffer-4.1.92.Final.jar;C:\Users\dell03022022\.m2\repository\io\netty\netty-codec-http\4.1.92.Final\netty-codec-http-4.1.92.Final.jar;C:\Users\dell03022022\.m2\repository\io\netty\netty-codec\4.1.92.Final\netty-codec-4.1.92.Final.jar;C:\Users\dell03022022\.m2\repository\io\netty\netty-handler\4.1.92.Final\netty-handler-4.1.92.Final.jar;C:\Users\dell03022022\.m2\repository\io\netty\netty-common\4.1.92.Final\netty-common-4.1.92.Final.jar;C:\Users\dell03022022\.m2\repository\io\netty\netty-transport-classes-epoll\4.1.92.Final\netty-transport-classes-epoll-4.1.92.Final.jar;C:\Users\dell03022022\.m2\repository\io\netty\netty-transport-classes-kqueue\4.1.92.Final\netty-transport-classes-kqueue-4.1.92.Final.jar;C:\Users\dell03022022\.m2\repository\io\netty\netty-transport-native-epoll\4.1.92.Final\netty-transport-native-epoll-4.1.92.Final.jar;C:\Users\dell03022022\.m2\repository\io\netty\netty-transport-native-kqueue\4.1.92.Final\netty-transport-native-kqueue-4.1.92.Final.jar;C:\Users\dell03022022\.m2\repository\io\netty\netty-transport-native-unix-common\4.1.92.Final\netty-transport-native-unix-common-4.1.92.Final.jar;C:\Users\dell03022022\.m2\repository\io\netty\netty-transport\4.1.92.Final\netty-transport-4.1.92.Final.jar;C:\Users\dell03022022\.m2\repository\io\netty\netty-resolver\4.1.92.Final\netty-resolver-4.1.92.Final.jar;C:\Users\dell03022022\.m2\repository\io\opentelemetry\opentelemetry-api\1.26.0\opentelemetry-api-1.26.0.jar;C:\Users\dell03022022\.m2\repository\io\opentelemetry\opentelemetry-context\1.26.0\opentelemetry-context-1.26.0.jar;C:\Users\dell03022022\.m2\repository\io\opentelemetry\opentelemetry-exporter-logging\1.26.0\opentelemetry-exporter-logging-1.26.0.jar;C:\Users\dell03022022\.m2\repository\io\opentelemetry\opentelemetry-sdk-metrics\1.26.0\opentelemetry-sdk-metrics-1.26.0.jar;C:\Users\dell03022022\.m2\repository\io\opentelemetry\opentelemetry-extension-incubator\1.26.0-alpha\opentelemetry-extension-incubator-1.26.0-alpha.jar;C:\Users\dell03022022\.m2\repository\io\opentelemetry\opentelemetry-sdk-logs\1.26.0-alpha\opentelemetry-sdk-logs-1.26.0-alpha.jar;C:\Users\dell03022022\.m2\repository\io\opentelemetry\opentelemetry-api-logs\1.26.0-alpha\opentelemetry-api-logs-1.26.0-alpha.jar;C:\Users\dell03022022\.m2\repository\io\opentelemetry\opentelemetry-api-events\1.26.0-alpha\opentelemetry-api-events-1.26.0-alpha.jar;C:\Users\dell03022022\.m2\repository\io\opentelemetry\opentelemetry-sdk-common\1.26.0\opentelemetry-sdk-common-1.26.0.jar;C:\Users\dell03022022\.m2\repository\io\opentelemetry\opentelemetry-sdk-extension-autoconfigure-spi\1.26.0\opentelemetry-sdk-extension-autoconfigure-spi-1.26.0.jar;C:\Users\dell03022022\.m2\repository\io\opentelemetry\opentelemetry-sdk-extension-autoconfigure\1.26.0-alpha\opentelemetry-sdk-extension-autoconfigure-1.26.0-alpha.jar;C:\Users\dell03022022\.m2\repository\io\opentelemetry\opentelemetry-sdk-trace\1.26.0\opentelemetry-sdk-trace-1.26.0.jar;C:\Users\dell03022022\.m2\repository\io\opentelemetry\opentelemetry-sdk\1.26.0\opentelemetry-sdk-1.26.0.jar;C:\Users\dell03022022\.m2\repository\io\opentelemetry\opentelemetry-semconv\1.26.0-alpha\opentelemetry-semconv-1.26.0-alpha.jar;C:\Users\dell03022022\.m2\repository\net\bytebuddy\byte-buddy\1.14.4\byte-buddy-1.14.4.jar;C:\Users\dell03022022\.m2\repository\org\apache\commons\commons-exec\1.3\commons-exec-1.3.jar;C:\Users\dell03022022\.m2\repository\org\asynchttpclient\async-http-client\2.12.3\async-http-client-2.12.3.jar;C:\Users\dell03022022\.m2\repository\org\asynchttpclient\async-http-client-netty-utils\2.12.3\async-http-client-netty-utils-2.12.3.jar;C:\Users\dell03022022\.m2\repository\io\netty\netty-codec-socks\4.1.60.Final\netty-codec-socks-4.1.60.Final.jar;C:\Users\dell03022022\.m2\repository\io\netty\netty-handler-proxy\4.1.60.Final\netty-handler-proxy-4.1.60.Final.jar;C:\Users\dell03022022\.m2\repository\io\netty\netty-transport-native-epoll\4.1.60.Final\netty-transport-native-epoll-4.1.60.Final-linux-x86_64.jar;C:\Users\dell03022022\.m2\repository\io\netty\netty-transport-native-kqueue\4.1.60.Final\netty-transport-native-kqueue-4.1.60.Final-osx-x86_64.jar;C:\Users\dell03022022\.m2\repository\org\reactivestreams\reactive-streams\1.0.3\reactive-streams-1.0.3.jar;C:\Users\dell03022022\.m2\repository\com\typesafe\netty\netty-reactive-streams\2.0.4\netty-reactive-streams-2.0.4.jar;C:\Users\dell03022022\.m2\repository\com\sun\activation\jakarta.activation\1.2.2\jakarta.activation-1.2.2.jar;C:\Users\dell03022022\.m2\repository\org\seleniumhq\selenium\selenium-http\4.10.0\selenium-http-4.10.0.jar;C:\Users\dell03022022\.m2\repository\dev\failsafe\failsafe\3.3.1\failsafe-3.3.1.jar;C:\Users\dell03022022\.m2\repository\org\seleniumhq\selenium\selenium-json\4.10.0\selenium-json-4.10.0.jar;C:\Users\dell03022022\.m2\repository\org\seleniumhq\selenium\selenium-manager\4.10.0\selenium-manager-4.10.0.jar;C:\Users\dell03022022\.m2\repository\org\seleniumhq\selenium\selenium-support\4.10.0\selenium-support-4.10.0.jar;C:\Users\dell03022022\.m2\repository\com\google\code\gson\gson\2.10.1\gson-2.10.1.jar;C:\Users\dell03022022\.m2\repository\cglib\cglib\3.3.0\cglib-3.3.0.jar;C:\Users\dell03022022\.m2\repository\org\ow2\asm\asm\7.1\asm-7.1.jar;C:\Users\dell03022022\.m2\repository\commons-validator\commons-validator\1.7\commons-validator-1.7.jar;C:\Users\dell03022022\.m2\repository\commons-beanutils\commons-beanutils\1.9.4\commons-beanutils-1.9.4.jar;C:\Users\dell03022022\.m2\repository\commons-digester\commons-digester\2.1\commons-digester-2.1.jar;C:\Users\dell03022022\.m2\repository\commons-logging\commons-logging\1.2\commons-logging-1.2.jar;C:\Users\dell03022022\.m2\repository\commons-collections\commons-collections\3.2.2\commons-collections-3.2.2.jar;C:\Users\dell03022022\.m2\repository\org\apache\commons\commons-lang3\3.12.0\commons-lang3-3.12.0.jar;C:\Users\dell03022022\.m2\repository\org\slf4j\slf4j-api\2.0.7\slf4j-api-2.0.7.jar;C:\Users\dell03022022\.m2\repository\org\testng\testng\7.4.0\testng-7.4.0.jar;C:\Users\dell03022022\.m2\repository\com\beust\jcommander\1.78\jcommander-1.78.jar;C:\Users\dell03022022\.m2\repository\org\webjars\jquery\3.5.1\jquery-3.5.1.jar;C:\Users\dell03022022\.m2\repository\io\github\bonigarcia\webdrivermanager\5.0.3\webdrivermanager-5.0.3.jar;C:\Users\dell03022022\.m2\repository\org\jsoup\jsoup\1.14.2\jsoup-1.14.2.jar;C:\Users\dell03022022\.m2\repository\com\github\docker-java\docker-java\3.2.12\docker-java-3.2.12.jar;C:\Users\dell03022022\.m2\repository\com\github\docker-java\docker-java-core\3.2.12\docker-java-core-3.2.12.jar;C:\Users\dell03022022\.m2\repository\com\github\docker-java\docker-java-api\3.2.12\docker-java-api-3.2.12.jar;C:\Users\dell03022022\.m2\repository\commons-lang\commons-lang\2.6\commons-lang-2.6.jar;C:\Users\dell03022022\.m2\repository\org\slf4j\jcl-over-slf4j\1.7.30\jcl-over-slf4j-1.7.30.jar;C:\Users\dell03022022\.m2\repository\com\github\docker-java\docker-java-transport-httpclient5\3.2.12\docker-java-transport-httpclient5-3.2.12.jar;C:\Users\dell03022022\.m2\repository\com\github\docker-java\docker-java-transport\3.2.12\docker-java-transport-3.2.12.jar;C:\Users\dell03022022\.m2\repository\org\apache\httpcomponents\client5\httpclient5\5.0.3\httpclient5-5.0.3.jar;C:\Users\dell03022022\.m2\repository\org\apache\httpcomponents\core5\httpcore5\5.0.2\httpcore5-5.0.2.jar;C:\Users\dell03022022\.m2\repository\net\java\dev\jna\jna\5.8.0\jna-5.8.0.jar;C:\Users\dell03022022\.m2\repository\com\google\guava\guava\30.1.1-jre\guava-30.1.1-jre.jar;C:\Users\dell03022022\.m2\repository\com\google\guava\failureaccess\1.0.1\failureaccess-1.0.1.jar;C:\Users\dell03022022\.m2\repository\com\google\guava\listenablefuture\9999.0-empty-to-avoid-conflict-with-guava\listenablefuture-9999.0-empty-to-avoid-conflict-with-guava.jar;C:\Users\dell03022022\.m2\repository\com\google\code\findbugs\jsr305\3.0.2\jsr305-3.0.2.jar;C:\Users\dell03022022\.m2\repository\com\google\errorprone\error_prone_annotations\2.5.1\error_prone_annotations-2.5.1.jar;C:\Users\dell03022022\.m2\repository\com\google\j2objc\j2objc-annotations\1.3\j2objc-annotations-1.3.jar;C:\Users\dell03022022\.m2\repository\org\brotli\dec\0.1.2\dec-0.1.2.jar;C:\Users\dell03022022\.m2\repository\com\aventstack\extentreports\4.1.3\extentreports-4.1.3.jar;C:\Users\dell03022022\.m2\repository\org\freemarker\freemarker\2.3.29\freemarker-2.3.29.jar;C:\Users\dell03022022\.m2\repository\org\apache\httpcomponents\httpclient\4.5.2\httpclient-4.5.2.jar;C:\Users\dell03022022\.m2\repository\org\apache\httpcomponents\httpcore\4.4.4\httpcore-4.4.4.jar;C:\Users\dell03022022\.m2\repository\org\apache\httpcomponents\httpmime\4.5.2\httpmime-4.5.2.jar;C:\Users\dell03022022\.m2\repository\org\mongodb\mongodb-driver\3.12.0\mongodb-driver-3.12.0.jar;C:\Users\dell03022022\.m2\repository\org\mongodb\mongodb-driver-core\3.12.0\mongodb-driver-core-3.12.0.jar;C:\Users\dell03022022\.m2\repository\org\mongodb\bson\3.12.0\bson-3.12.0.jar;C:\Users\dell03022022\.m2\repository\com\fasterxml\jackson\core\jackson-databind\2.13.3\jackson-databind-2.13.3.jar;C:\Users\dell03022022\.m2\repository\com\fasterxml\jackson\core\jackson-annotations\2.13.3\jackson-annotations-2.13.3.jar;C:\Users\dell03022022\.m2\repository\com\fasterxml\jackson\core\jackson-core\2.13.3\jackson-core-2.13.3.jar;C:\Users\dell03022022\.m2\repository\commons-io\commons-io\2.11.0\commons-io-2.11.0.jar;C:\Users\dell03022022\.m2\repository\com\relevantcodes\extentreports\2.41.2\extentreports-2.41.2.jar;C:\Users\dell03022022\.m2\repository\org\xerial\sqlite-jdbc\3.8.11.1\sqlite-jdbc-3.8.11.1.jar;C:\Users\dell03022022\.m2\repository\org\apache\poi\poi\5.1.0\poi-5.1.0.jar;C:\Users\dell03022022\.m2\repository\commons-codec\commons-codec\1.15\commons-codec-1.15.jar;C:\Users\dell03022022\.m2\repository\org\apache\commons\commons-collections4\4.4\commons-collections4-4.4.jar;C:\Users\dell03022022\.m2\repository\org\apache\commons\commons-math3\3.6.1\commons-math3-3.6.1.jar;C:\Users\dell03022022\.m2\repository\com\zaxxer\SparseBitSet\1.2\SparseBitSet-1.2.jar;C:\Users\dell03022022\.m2\repository\org\apache\logging\log4j\log4j-api\2.14.1\log4j-api-2.14.1.jar;C:\Users\dell03022022\.m2\repository\org\apache\poi\openxml4j\1.0-beta\openxml4j-1.0-beta.jar;C:\Users\dell03022022\.m2\repository\dom4j\dom4j\1.6.1\dom4j-1.6.1.jar;C:\Users\dell03022022\.m2\repository\xml-apis\xml-apis\1.0.b2\xml-apis-1.0.b2.jar;C:\Users\dell03022022\.m2\repository\log4j\log4j\1.2.8\log4j-1.2.8.jar;C:\Users\dell03022022\.m2\repository\org\postgresql\postgresql\42.6.0\postgresql-42.6.0.jar;C:\Users\dell03022022\.m2\repository\org\checkerframework\checker-qual\3.31.0\checker-qual-3.31.0.jar;C:\Users\dell03022022\.m2\repository\io\rest-assured\rest-assured-all\5.3.0\rest-assured-all-5.3.0.jar;C:\Users\dell03022022\.m2\repository\org\apache\groovy\groovy\4.0.6\groovy-4.0.6.jar;C:\Users\dell03022022\.m2\repository\org\apache\groovy\groovy-xml\4.0.6\groovy-xml-4.0.6.jar;C:\Users\dell03022022\.m2\repository\org\ccil\cowan\tagsoup\tagsoup\1.2.1\tagsoup-1.2.1.jar;C:\Users\dell03022022\.m2\repository\org\apache\groovy\groovy-json\4.0.6\groovy-json-4.0.6.jar;C:\Users\dell03022022\.m2\repository\io\rest-assured\rest-assured\5.3.0\rest-assured-5.3.0.jar;C:\Users\dell03022022\.m2\repository\org\hamcrest\hamcrest\2.1\hamcrest-2.1.jar;C:\Users\dell03022022\.m2\repository\io\rest-assured\json-schema-validator\4.4.0\json-schema-validator-4.4.0.jar;C:\Users\dell03022022\.m2\repository\com\github\java-json-tools\json-schema-validator\2.2.14\json-schema-validator-2.2.14.jar;C:\Users\dell03022022\.m2\repository\com\github\java-json-tools\jackson-coreutils-equivalence\1.0\jackson-coreutils-equivalence-1.0.jar;C:\Users\dell03022022\.m2\repository\com\github\java-json-tools\jackson-coreutils\2.0\jackson-coreutils-2.0.jar;C:\Users\dell03022022\.m2\repository\com\github\java-json-tools\msg-simple\1.2\msg-simple-1.2.jar;C:\Users\dell03022022\.m2\repository\com\github\java-json-tools\btf\1.3\btf-1.3.jar;C:\Users\dell03022022\.m2\repository\com\github\java-json-tools\json-schema-core\1.2.14\json-schema-core-1.2.14.jar;C:\Users\dell03022022\.m2\repository\com\github\java-json-tools\uri-template\0.10\uri-template-0.10.jar;C:\Users\dell03022022\.m2\repository\org\mozilla\rhino\1.7.7.2\rhino-1.7.7.2.jar;C:\Users\dell03022022\.m2\repository\com\sun\mail\mailapi\1.6.2\mailapi-1.6.2.jar;C:\Users\dell03022022\.m2\repository\joda-time\joda-time\2.10.5\joda-time-2.10.5.jar;C:\Users\dell03022022\.m2\repository\com\googlecode\libphonenumber\libphonenumber\8.11.1\libphonenumber-8.11.1.jar;C:\Users\dell03022022\.m2\repository\net\sf\jopt-simple\jopt-simple\5.0.4\jopt-simple-5.0.4.jar;C:\Users\dell03022022\.m2\repository\com\googlecode\json-simple\json-simple\1.1.1\json-simple-1.1.1.jar;C:\Users\dell03022022\.m2\repository\junit\junit\4.10\junit-4.10.jar;C:\Users\dell03022022\.m2\repository\org\seleniumhq\selenium\selenium-java\4.0.0\selenium-java-4.0.0.jar;C:\Users\dell03022022\.m2\repository\org\seleniumhq\selenium\selenium-chrome-driver\4.0.0\selenium-chrome-driver-4.0.0.jar;C:\Users\dell03022022\.m2\repository\org\seleniumhq\selenium\selenium-chromium-driver\4.0.0\selenium-chromium-driver-4.0.0.jar;C:\Users\dell03022022\.m2\repository\org\seleniumhq\selenium\selenium-devtools-v85\4.0.0\selenium-devtools-v85-4.0.0.jar;C:\Users\dell03022022\.m2\repository\org\seleniumhq\selenium\selenium-devtools-v93\4.0.0\selenium-devtools-v93-4.0.0.jar;C:\Users\dell03022022\.m2\repository\org\seleniumhq\selenium\selenium-devtools-v94\4.0.0\selenium-devtools-v94-4.0.0.jar;C:\Users\dell03022022\.m2\repository\org\seleniumhq\selenium\selenium-devtools-v95\4.0.0\selenium-devtools-v95-4.0.0.jar;C:\Users\dell03022022\.m2\repository\org\seleniumhq\selenium\selenium-edge-driver\4.0.0\selenium-edge-driver-4.0.0.jar;C:\Users\dell03022022\.m2\repository\org\seleniumhq\selenium\selenium-firefox-driver\4.0.0\selenium-firefox-driver-4.0.0.jar;C:\Users\dell03022022\.m2\repository\org\seleniumhq\selenium\selenium-firefox-xpi-driver\4.0.0\selenium-firefox-xpi-driver-4.0.0.jar;C:\Users\dell03022022\.m2\repository\org\seleniumhq\selenium\selenium-ie-driver\4.0.0\selenium-ie-driver-4.0.0.jar;C:\Users\dell03022022\.m2\repository\org\seleniumhq\selenium\selenium-opera-driver\4.0.0\selenium-opera-driver-4.0.0.jar;C:\Users\dell03022022\.m2\repository\org\seleniumhq\selenium\selenium-safari-driver\4.0.0\selenium-safari-driver-4.0.0.jar;C:\Users\dell03022022\.m2\repository\io\rest-assured\json-path\4.4.0\json-path-4.4.0.jar;C:\Users\dell03022022\.m2\repository\org\codehaus\groovy\groovy-json\3.0.8\groovy-json-3.0.8.jar;C:\Users\dell03022022\.m2\repository\org\codehaus\groovy\groovy\3.0.8\groovy-3.0.8.jar;C:\Users\dell03022022\.m2\repository\io\rest-assured\xml-path\4.4.0\xml-path-4.4.0.jar;C:\Users\dell03022022\.m2\repository\org\codehaus\groovy\groovy-xml\3.0.8\groovy-xml-3.0.8.jar;C:\Users\dell03022022\.m2\repository\jakarta\xml\bind\jakarta.xml.bind-api\2.3.3\jakarta.xml.bind-api-2.3.3.jar;C:\Users\dell03022022\.m2\repository\jakarta\activation\jakarta.activation-api\1.2.2\jakarta.activation-api-1.2.2.jar;C:\Users\dell03022022\.m2\repository\com\sun\xml\bind\jaxb-impl\2.3.3\jaxb-impl-2.3.3.jar;C:\Users\dell03022022\.m2\repository\io\rest-assured\rest-assured-common\3.0.0\rest-assured-common-3.0.0.jar;C:\Users\dell03022022\.m2\repository\org\hamcrest\hamcrest-all\1.3\hamcrest-all-1.3.jar;C:\Users\dell03022022\.m2\repository\org\hamcrest\java-hamcrest\2.0.0.0\java-hamcrest-2.0.0.0.jar;C:\Users\dell03022022\.m2\repository\org\hamcrest\hamcrest-core\2.2\hamcrest-core-2.2.jar;C:\Users\dell03022022\.m2\repository\org\hamcrest\hamcrest-library\2.2\hamcrest-library-2.2.jar;C:\Users\dell03022022\.m2\repository\org\apache\poi\poi-ooxml\5.1.0\poi-ooxml-5.1.0.jar;C:\Users\dell03022022\.m2\repository\org\apache\poi\poi-ooxml-lite\5.1.0\poi-ooxml-lite-5.1.0.jar;C:\Users\dell03022022\.m2\repository\org\apache\commons\commons-compress\1.21\commons-compress-1.21.jar;C:\Users\dell03022022\.m2\repository\com\github\virtuald\curvesapi\1.06\curvesapi-1.06.jar;C:\Users\dell03022022\.m2\repository\org\apache\poi\poi-ooxml-schemas\4.1.2\poi-ooxml-schemas-4.1.2.jar;C:\Users\dell03022022\.m2\repository\org\apache\poi\poi-scratchpad\5.1.0\poi-scratchpad-5.1.0.jar;C:\Users\dell03022022\.m2\repository\org\apache\poi\ooxml-schemas\1.4\ooxml-schemas-1.4.jar;C:\Users\dell03022022\.m2\repository\org\apache\xmlbeans\xmlbeans\5.0.2\xmlbeans-5.0.2.jar;C:\Users\dell03022022\.m2\repository\org\apache\maven\plugins\maven-surefire-plugin\3.0.0-M5\maven-surefire-plugin-3.0.0-M5.jar;C:\Users\dell03022022\.m2\repository\org\apache\maven\surefire\maven-surefire-common\3.0.0-M5\maven-surefire-common-3.0.0-M5.jar;C:\Users\dell03022022\.m2\repository\org\apache\maven\surefire\surefire-api\3.0.0-M5\surefire-api-3.0.0-M5.jar;C:\Users\dell03022022\.m2\repository\org\apache\maven\surefire\surefire-logger-api\3.0.0-M5\surefire-logger-api-3.0.0-M5.jar;C:\Users\dell03022022\.m2\repository\org\apache\maven\surefire\surefire-extensions-api\3.0.0-M5\surefire-extensions-api-3.0.0-M5.jar;C:\Users\dell03022022\.m2\repository\org\apache\maven\surefire\surefire-booter\3.0.0-M5\surefire-booter-3.0.0-M5.jar;C:\Users\dell03022022\.m2\repository\org\apache\maven\surefire\surefire-extensions-spi\3.0.0-M5\surefire-extensions-spi-3.0.0-M5.jar;C:\Users\dell03022022\.m2\repository\org\apache\maven\maven-toolchain\3.0-alpha-2\maven-toolchain-3.0-alpha-2.jar;C:\Users\dell03022022\.m2\repository\org\apache\maven\shared\maven-artifact-transfer\0.11.0\maven-artifact-transfer-0.11.0.jar;C:\Users\dell03022022\.m2\repository\org\apache\maven\shared\maven-common-artifact-filters\3.0.1\maven-common-artifact-filters-3.0.1.jar;C:\Users\dell03022022\.m2\repository\org\apache\maven\maven-model\3.0\maven-model-3.0.jar;C:\Users\dell03022022\.m2\repository\org\apache\maven\maven-plugin-api\3.0\maven-plugin-api-3.0.jar;C:\Users\dell03022022\.m2\repository\org\sonatype\sisu\sisu-inject-plexus\1.4.2\sisu-inject-plexus-1.4.2.jar;C:\Users\dell03022022\.m2\repository\org\codehaus\plexus\plexus-classworlds\2.2.3\plexus-classworlds-2.2.3.jar;C:\Users\dell03022022\.m2\repository\org\sonatype\sisu\sisu-inject-bean\1.4.2\sisu-inject-bean-1.4.2.jar;C:\Users\dell03022022\.m2\repository\org\sonatype\sisu\sisu-guice\2.1.7\sisu-guice-2.1.7-noaop.jar;C:\Users\dell03022022\.m2\repository\org\apache\maven\shared\maven-shared-utils\3.1.0\maven-shared-utils-3.1.0.jar;C:\Users\dell03022022\.m2\repository\org\codehaus\plexus\plexus-java\1.0.5\plexus-java-1.0.5.jar;C:\Users\dell03022022\.m2\repository\com\thoughtworks\qdox\qdox\2.0-M9\qdox-2.0-M9.jar;C:\Users\dell03022022\.m2\repository\org\apache\maven\surefire\surefire-shared-utils\3.0.0-M4\surefire-shared-utils-3.0.0-M4.jar;C:\Users\dell03022022\.m2\repository\org\seleniumhq\selenium\selenium-server\4.0.0-alpha-2\selenium-server-4.0.0-alpha-2.jar;C:\Users\dell03022022\.m2\repository\org\seleniumhq\selenium\grid\4.0.0-alpha-2\grid-4.0.0-alpha-2.jar;C:\Users\dell03022022\.m2\repository\org\seleniumhq\selenium\selenium-edgehtml-driver\4.0.0-alpha-2\selenium-edgehtml-driver-4.0.0-alpha-2.jar;C:\Users\dell03022022\.m2\repository\org\seleniumhq\selenium\jetty-repacked\9.4.12.v20180830.1\jetty-repacked-9.4.12.v20180830.1.jar;C:\Users\dell03022022\.m2\repository\javax\servlet\javax.servlet-api\3.1.0\javax.servlet-api-3.1.0.jar;C:\Users\dell03022022\.m2\repository\org\zeromq\jeromq\0.5.1\jeromq-0.5.1.jar;C:\Users\dell03022022\.m2\repository\eu\neilalexander\jnacl\1.0.0\jnacl-1.0.0.jar;C:\Users\dell03022022\.m2\repository\net\jcip\jcip-annotations\1.0\jcip-annotations-1.0.jar;C:\Users\dell03022022\.m2\repository\org\yaml\snakeyaml\1.24\snakeyaml-1.24.jar;C:\Users\dell03022022\.m2\repository\org\apache\logging\log4j\log4j-core\2.14.1\log4j-core-2.14.1.jar;C:\Users\dell03022022\.m2\repository\org\apache\poi\ooxml-security\1.1\ooxml-security-1.1.jar;C:\Users\dell03022022\.m2\repository\com\browserstack\browserstack-java-sdk\1.9.1\browserstack-java-sdk-1.9.1.jar;C:\Users\dell03022022\.m2\repository\org\javassist\javassist\3.26.0-GA\javassist-3.26.0-GA.jar;C:\Users\dell03022022\.m2\repository\com\browserstack\browserstack-local-java\1.0.9\browserstack-local-java-1.0.9.jar;C:\Users\dell03022022\.m2\repository\org\json\json\20230227\json-20230227.jar;C:\Users\dell03022022\.m2\repository\org\apache\maven\maven-artifact\3.8.6\maven-artifact-3.8.6.jar;C:\Users\dell03022022\.m2\repository\org\codehaus\plexus\plexus-utils\3.3.1\plexus-utils-3.3.1.jar;C:\Users\dell03022022\.m2\repository\com\squareup\okhttp3\okhttp\3.14.9\okhttp-3.14.9.jar;C:\Users\dell03022022\.m2\repository\com\squareup\okio\okio\1.17.2\okio-1.17.2.jar;C:\Users\dell03022022\.m2\repository\org\eclipse\jgit\org.eclipse.jgit\5.4.2.201908231537-r\org.eclipse.jgit-5.4.2.201908231537-r.jar;C:\Users\dell03022022\.m2\repository\com\jcraft\jsch\0.1.55\jsch-0.1.55.jar;C:\Users\dell03022022\.m2\repository\com\jcraft\jzlib\1.1.1\jzlib-1.1.1.jar;C:\Users\dell03022022\.m2\repository\com\googlecode\javaewah\JavaEWAH\1.1.6\JavaEWAH-1.1.6.jar;C:\Users\dell03022022\.m2\repository\org\bouncycastle\bcpg-jdk15on\1.61\bcpg-jdk15on-1.61.jar;C:\Users\dell03022022\.m2\repository\org\bouncycastle\bcprov-jdk15on\1.61\bcprov-jdk15on-1.61.jar;C:\Users\dell03022022\.m2\repository\org\bouncycastle\bcpkix-jdk15on\1.61\bcpkix-jdk15on-1.61.jar;"/>
    <property name="sun.cpu.endian" value="little"/>
    <property name="user.home" value="C:\Users\dell03022022"/>
    <property name="user.language" value="en"/>
    <property name="java.specification.vendor" value="Oracle Corporation"/>
    <property name="java.version.date" value="2022-04-22"/>
    <property name="java.home" value="C:\Program Files\Java\jdk-18.0.1.1"/>
    <property name="junit.jupiter.execution.parallel.mode.default" value="same_thread"/>
    <property name="file.separator" value="\"/>
    <property name="basedir" value="D:\SPQ\SpqApp"/>
    <property name="style.color" value="always"/>
    <property name="java.vm.compressedOopsMode" value="Zero based"/>
    <property name="line.separator" value="&#10;"/>
    <property name="java.vm.specification.vendor" value="Oracle Corporation"/>
    <property name="java.specification.name" value="Java Platform API Specification"/>
    <property name="surefire.real.class.path" value="C:\Users\DELL03~1\AppData\Local\Temp\surefire17513789523631890622\surefirebooter16429059950696151810.jar"/>
    <property name="user.script" value=""/>
    <property name="sun.management.compiler" value="HotSpot 64-Bit Tiered Compilers"/>
    <property name="java.runtime.version" value="18.0.1.1+2-6"/>
    <property name="user.name" value="dell03022022"/>
    <property name="path.separator" value=";"/>
    <property name="os.version" value="10.0"/>
    <property name="java.runtime.name" value="Java(TM) SE Runtime Environment"/>
    <property name="file.encoding" value="UTF-8"/>
    <property name="junit.jupiter.execution.parallel.mode.classes.default" value="concurrent"/>
    <property name="junit.jupiter.execution.parallel.config.strategy" value="fixed"/>
    <property name="java.vm.name" value="Java HotSpot(TM) 64-Bit Server VM"/>
    <property name="junit.jupiter.execution.parallel.enabled" value="true"/>
    <property name="localRepository" value="C:\Users\dell03022022\.m2\repository"/>
    <property name="java.vendor.url.bug" value="https://bugreport.java.com/bugreport/"/>
    <property name="java.io.tmpdir" value="C:\Users\DELL03~1\AppData\Local\Temp\"/>
    <property name="java.version" value="18.0.1.1"/>
    <property name="user.dir" value="D:\SPQ\SpqApp"/>
    <property name="os.arch" value="amd64"/>
    <property name="java.vm.specification.name" value="Java Virtual Machine Specification"/>
    <property name="OBSERVABILITY_JWT" value="eyJhbGciOiJIUzI1NiJ9.eyJpc3MiOiJicm93c2Vyc3RhY2tfb2IiLCJzdWIiOiI2MzUwOTQwIiwiZ3JvdXBfaWQiOjYyNjQ1OTMsInVzZXJfaWQiOjYzNTA5NDAsImJ1aWxkX2hhc2hlZF9pZCI6Inp6NnRmanlqcWZ2cnQ3ZXdha243Z3dmeHg4aW9lNWJqOG5iMWZod2YiLCJwcm9qZWN0X25hbWUiOiJCcm93c2VyU3RhY2sgU2FtcGxlIiwiaWF0IjoxNjkwNzc1MDUzLCJleHAiOjE2OTA5NDc4NTN9.lFNfr4uIdI19EjGsOru8eByGFlXKjvzSU5hpGie3ES0"/>
    <property name="sun.os.patch.level" value=""/>
    <property name="native.encoding" value="Cp1252"/>
    <property name="java.library.path" value="C:\Program Files\Java\jdk-18.0.1.1\bin;C:\Windows\Sun\Java\bin;C:\Windows\system32;C:\Windows;C:\Python310\Scripts\;C:\Python310\;C:\Program Files\Common Files\Oracle\Java\javapath;C:\Windows\system32;C:\Windows;C:\Windows\System32\Wbem;C:\Windows\System32\WindowsPowerShell\v1.0\;C:\Windows\System32\OpenSSH\;C:\Program Files\dotnet\;C:\Program Files\Go\bin;C:\Program Files\Git\cmd;D:\Applications\apache-maven-3.8.6\bin;C:\Program Files (x86)\nodejs\;C:\ProgramData\chocolatey\bin;C:\Users\dell03022022\AppData\Local\Android\Sdk\tools\bin;C:\Users\dell03022022\AppData\Local\Android\Sdk\platform-tools;C:\Users\dell03022022\AppData\Local\Android\Sdk\tools;C:\Program Files (x86)\nodejs\node_modules\npm\bin;C:\strawberry\c\bin;C:\strawberry\perl\bin;C:\Users\dell03022022\AppData\Local\Android\Sdk\platform-tools;C:\Users\dell03022022\AppData\Local\Android\Sdk\bin;C:\Users\dell03022022\anaconda3;C:\Users\dell03022022\anaconda3\Library\mingw-w64\bin;C:\Users\dell03022022\anaconda3\Library\usr\bin;C:\Users\dell03022022\anaconda3\Library\bin;C:\Users\dell03022022\anaconda3\Scripts;C:\Users\dell03022022\AppData\Local\Microsoft\WindowsApps;C:\Users\dell03022022\AppData\Local\Programs\Microsoft VS Code\bin;C:\Users\dell03022022\go\bin;C:\Users\dell03022022\AppData\Roaming\npm;C:\Users\dell03022022\AppData\Local\GitHubDesktop\bin;;."/>
    <property name="junit.jupiter.execution.parallel.config.fixed.parallelism" value="1"/>
    <property name="java.vm.info" value="mixed mode, sharing"/>
    <property name="java.vendor" value="Oracle Corporation"/>
    <property name="java.vm.version" value="18.0.1.1+2-6"/>
    <property name="cucumber.execution.execution-mode.feature" value="same_thread"/>
    <property name="cucumber.execution.parallel.config.strategy" value="fixed"/>
    <property name="sun.io.unicode.encoding" value="UnicodeLittle"/>
    <property name="java.class.version" value="62.0"/>
  </properties>
  <testcase name="login" classname="Tests.PCMBuyDetailPageTest" time="60.117">
    <failure message="Expected condition failed: waiting for element to be clickable: Proxy element for: DefaultElementLocator &apos;By.xpath: //android.widget.Button[@text=&apos;Allow&apos;]&apos; (tried for 10 second(s) with 500 milliseconds interval)" type="org.openqa.selenium.TimeoutException">org.openqa.selenium.TimeoutException: Expected condition failed: waiting for element to be clickable: Proxy element for: DefaultElementLocator 'By.xpath: //android.widget.Button[@text='Allow']' (tried for 10 second(s) with 500 milliseconds interval)
	at Tests.PCMBuyDetailPageTest.login(PCMBuyDetailPageTest.java:38)
Caused by: org.openqa.selenium.NoSuchElementException: 
An element could not be located on the page using the given search parameters.
For documentation on this error, please visit: https://www.selenium.dev/documentation/webdriver/troubleshooting/errors#no-such-element-exception
Build info: version: '4.10.0', revision: 'c14d967899'
System info: os.name: 'Windows 10', os.arch: 'amd64', os.version: '10.0', java.version: '18.0.1.1'
Driver info: io.appium.java_client.android.AndroidDriver
Command: [e871b30530df26fd30434b080c2455f3166ee961, findElement {using=xpath, value=//android.widget.Button[@text='Allow']}]
Capabilities {appium:appActivity: com.sportiqoV2.MainActivity, appium:appPackage: com.sportiqoV2, appium:automationName: uiautomator2, appium:chromedriverPort: 18082, appium:chromedriverPorts: [[18122, 18132]], appium:databaseEnabled: false, appium:desired: {appActivity: com.sportiqoV2.MainActivity, appPackage: com.sportiqoV2, automationName: uiautomator2, bstack:options: {appiumVersion: 1.17.0, buildIdentifier: #14, hostName: DESKTOP-LM7H92S, localIdentifier: 31_Jul_914_DESKTOP_LM7H92S_...}, chromedriverPort: 18082, chromedriverPorts: [[18122, 18132]], deviceName: one plus 9rt, disableSuppressAccessibilityService: true, goog:chromeOptions: {}, nativeWebScreenshot: true, newCommandTimeout: 0, noReset: true, platformName: Android, skipServerInstallation: true, systemPort: 8202, udid: R5CT30ZT61M}, appium:deviceApiLevel: 31, appium:deviceManufacturer: samsung, appium:deviceModel: SM-S908E, appium:deviceName: R5CT30ZT61M, appium:deviceScreenDensity: 450, appium:deviceScreenSize: 1080x2316, appium:deviceUDID: R5CT30ZT61M, appium:disableSuppressAccessibilityService: true, appium:javascriptEnabled: true, appium:locationContextEnabled: false, appium:nativeWebScreenshot: true, appium:networkConnectionEnabled: true, appium:newCommandTimeout: 0, appium:noReset: true, appium:optimalHubUrl: hub-aps.browserstack.com, appium:pixelRatio: 2.8125, appium:platformVersion: 12, appium:skipServerInstallation: true, appium:statBarHeight: 75, appium:systemPort: 8202, appium:takesScreenshot: true, appium:udid: R5CT30ZT61M, appium:viewportRect: {height: 2031, left: 0, top: 75, width: 1080}, appium:warnings: {}, appium:webStorageEnabled: false, bstack:options: {appiumVersion: 1.17.0, buildIdentifier: #14, hostName: DESKTOP-LM7H92S, localIdentifier: 31_Jul_914_DESKTOP_LM7H92S_...}, goog:chromeOptions: {}, platformName: ANDROID}
Session ID: e871b30530df26fd30434b080c2455f3166ee961
	at Tests.PCMBuyDetailPageTest.login(PCMBuyDetailPageTest.java:38)
</failure>
    <system-out><![CDATA[==========driver Started===================
Proxy element for: DefaultElementLocator 'By.xpath: //android.widget.Button[@text='While using the app']' clicked
]]></system-out>
  </testcase>
  <testcase name="PcBuyDetailPage" classname="Tests.PCMBuyDetailPageTest" time="0">
    <skipped message="Expected condition failed: waiting for element to be clickable: Proxy element for: DefaultElementLocator &apos;By.xpath: //android.widget.Button[@text=&apos;Allow&apos;]&apos; (tried for 10 second(s) with 500 milliseconds interval)"/>
  </testcase>
  <testcase name="driverQuit" classname="Tests.PCMBuyDetailPageTest" time="0">
    <skipped/>
  </testcase>
</testsuite>