<?xml version="1.0" encoding="UTF-8"?>
<!-- Generated by org.testng.reporters.JUnitReportReporter -->
<testsuite hostname="DESKTOP-LM7H92S" failures="0" tests="1" name="Tests.AddMoneyTest" time="294.164" errors="0" timestamp="2023-08-31T18:07:41 IST" skipped="0">
  <testcase classname="Tests.AddMoneyTest" name="Topup" time="294.164"/>
  <system-out/>
</testsuite> <!-- Tests.AddMoneyTest -->
