<?xml version="1.0" encoding="UTF-8"?>
<!-- Generated by org.testng.reporters.JUnitReportReporter -->
<testsuite hostname="DESKTOP-LM7H92S" failures="0" tests="1" name="Tests.PCMSellDetailPageBonusTest" time="96.555" errors="0" timestamp="2023-08-31T18:07:41 IST" skipped="0">
  <testcase classname="Tests.PCMSellDetailPageBonusTest" name="PcBonusSellDetailPage" time="96.555"/>
  <system-out/>
</testsuite> <!-- Tests.PCMSellDetailPageBonusTest -->
