<?xml version="1.0" encoding="UTF-8"?>
<!-- Generated by org.testng.reporters.JUnitReportReporter -->
<testsuite hostname="DESKTOP-LM7H92S" failures="0" tests="1" name="Tests.LoginTest" time="146.272" errors="0" timestamp="2023-08-31T17:50:55 IST" skipped="0">
  <testcase classname="Tests.LoginTest" name="Login" time="146.272"/>
  <system-out/>
</testsuite> <!-- Tests.LoginTest -->
