<?xml version="1.0" encoding="UTF-8"?>
<!-- Generated by org.testng.reporters.JUnitReportReporter -->
<testsuite hostname="DESKTOP-LM7H92S" failures="0" tests="1" name="Tests.PCMBuyDetailPageTest" time="111.100" errors="0" timestamp="2023-08-29T16:37:40 IST" skipped="0">
  <testcase classname="Tests.PCMBuyDetailPageTest" name="PcBuyDetailPage" time="111.100"/>
  <system-out/>
</testsuite> <!-- Tests.PCMBuyDetailPageTest -->
